<?xml version="1.0" encoding="UTF-8"?>
<testng-results skipped="0" failed="0" ignored="0" total="1" passed="1">
  <reporter-output>
  </reporter-output>
  <suite name="Default suite" duration-ms="9291" started-at="2018-11-16T05:15:44Z" finished-at="2018-11-16T05:15:53Z">
    <groups>
    </groups>
    <test name="Default test" duration-ms="9291" started-at="2018-11-16T05:15:44Z" finished-at="2018-11-16T05:15:53Z">
      <class name="testScripts.SignInTestCase">
        <test-method status="PASS" signature="launchBrowser()[pri:0, instance:testScripts.SignInTestCase@47c62251]" name="launchBrowser" is-config="true" duration-ms="5646" started-at="2018-11-16T05:15:44Z" finished-at="2018-11-16T05:15:50Z">
          <reporter-output>
          </reporter-output>
        </test-method> <!-- launchBrowser -->
        <test-method status="PASS" signature="setUpPage()[pri:0, instance:testScripts.SignInTestCase@47c62251]" name="setUpPage" is-config="true" duration-ms="32" started-at="2018-11-16T05:15:50Z" depends-on-methods="testBase.TestBase.launchBrowser" finished-at="2018-11-16T05:15:50Z">
          <reporter-output>
          </reporter-output>
        </test-method> <!-- setUpPage -->
        <test-method status="PASS" signature="testSignInError()[pri:0, instance:testScripts.SignInTestCase@47c62251]" name="testSignInError" duration-ms="3506" started-at="2018-11-16T05:15:50Z" finished-at="2018-11-16T05:15:53Z">
          <reporter-output>
          </reporter-output>
        </test-method> <!-- testSignInError -->
        <test-method status="PASS" signature="tearDownAppium()[pri:0, instance:testScripts.SignInTestCase@47c62251]" name="tearDownAppium" is-config="true" duration-ms="87" started-at="2018-11-16T05:15:53Z" finished-at="2018-11-16T05:15:53Z">
          <reporter-output>
          </reporter-output>
        </test-method> <!-- tearDownAppium -->
      </class> <!-- testScripts.SignInTestCase -->
    </test> <!-- Default test -->
  </suite> <!-- Default suite -->
</testng-results>
